TN:
SF:src/controllers/recommendationController.js
FN:4,(anonymous_0)
FNF:1
FNH:1
FNDA:4,(anonymous_0)
DA:1,1
DA:2,1
DA:4,1
DA:5,4
DA:6,4
DA:7,4
DA:8,1
DA:11,3
DA:12,3
DA:13,2
DA:15,2
DA:16,1
DA:19,1
DA:24,3
DA:25,3
DA:26,1
DA:27,1
DA:28,1
DA:30,3
LF:19
LH:19
BRDA:7,0,0,1
BRDA:7,0,1,3
BRDA:15,1,0,1
BRDA:15,1,1,1
BRDA:25,2,0,1
BRDA:25,2,1,2
BRF:6
BRH:6
end_of_record
TN:
SF:src/controllers/weatherController.js
FN:4,(anonymous_0)
FNF:1
FNH:1
FNDA:2,(anonymous_0)
DA:1,1
DA:2,1
DA:4,1
DA:5,2
DA:6,2
DA:7,1
DA:12,1
DA:13,1
LF:8
LH:8
BRF:0
BRH:0
end_of_record
TN:
SF:src/models/Product.js
FNF:0
FNH:0
DA:1,1
DA:3,1
DA:10,1
LF:3
LH:3
BRF:0
BRH:0
end_of_record
TN:
SF:src/services/weatherService.js
FN:5,(anonymous_0)
FN:10,(anonymous_1)
FNF:2
FNH:2
FNDA:2,(anonymous_0)
FNDA:4,(anonymous_1)
DA:1,2
DA:2,2
DA:6,2
DA:7,2
DA:11,4
DA:12,4
DA:21,2
DA:23,2
DA:31,2
DA:32,2
DA:37,2
LF:11
LH:11
BRDA:10,0,0,3
BRF:1
BRH:1
end_of_record
TN:
SF:src/utils/errorHandler.js
FN:2,(anonymous_0)
FN:12,(anonymous_1)
FNF:2
FNH:2
FNDA:8,(anonymous_0)
FNDA:2,(anonymous_1)
DA:3,8
DA:4,8
DA:5,8
DA:6,8
DA:8,8
DA:12,6
DA:13,2
DA:14,2
DA:16,2
DA:22,6
LF:10
LH:10
BRDA:5,0,0,4
BRDA:5,0,1,4
BRDA:13,1,0,2
BRDA:13,1,1,1
BRDA:14,2,0,2
BRDA:14,2,1,1
BRF:6
BRH:6
end_of_record
TN:
SF:test/setup.js
FN:7,(anonymous_0)
FN:15,(anonymous_1)
FNF:2
FNH:1
FNDA:3,(anonymous_0)
FNDA:0,(anonymous_1)
DA:1,3
DA:2,3
DA:5,3
DA:7,3
DA:8,3
DA:9,3
DA:12,3
DA:15,3
DA:16,0
DA:19,0
DA:20,0
DA:21,0
DA:24,0
DA:25,0
DA:26,0
DA:32,3
DA:35,3
LF:17
LH:10
BRDA:19,0,0,0
BRDA:19,0,1,0
BRDA:20,1,0,0
BRDA:20,1,1,0
BRDA:21,2,0,0
BRDA:21,2,1,0
BRF:6
BRH:0
end_of_record
